         w __deregister_frame_info
         w __register_frame_info
         w userAppExit
         w userAppInit
00000000 00000802 B __ctru_dev_utf16_buf
00000000 A __sync_synchronize
00000000 b _TLS_MODULE_BASE_
00000000 a shift
00000000 a shift
00000804 00000401 B __ctru_dev_path_buf
00100000 A __start__
00100000 T _start
00100008 T __service_ptr
0010000c T __apt_appid
00100010 T __heap_size
00100014 T __linear_heap_size
00100018 T __system_arglist
0010001c T __system_runflags
00100020 t startup
00100058 t ClearMem
0010006c t ClrLoop
00100094 T _init
001000ac T __aeabi_idiv
001000ac 00000220 T __divsi3
001000b4 t .divsi3_skip_div0_test
001002cc 00000020 T __aeabi_idivmod
001002ec 00000004 W __aeabi_idiv0
001002ec 00000004 W __aeabi_ldiv0
001002f0 T __aeabi_uldivmod
00100348 00000390 T strcmp
001006d0 t .udivsi3_skip_div0_test
001006d0 T __aeabi_uidiv
001006d0 000001ec T __udivsi3
001008bc 00000020 T __aeabi_uidivmod
001008dc t __do_global_dtors_aux
0010092c t frame_dummy
00100958 0000006c T main
001009c4 000001c8 T consoleDrawChar
00100b8c 00000170 T consolePrintChar
00100cfc 00000c40 T con_write
0010193c 00000110 t newRow
00101a4c 00000180 T consoleInit
00101bcc 000000cc t gfxPresentFramebuffer
00101c98 0000001c T gfxIsWide
00101cb4 000000f8 T gfxSetScreenFormat
00101dac 00000010 T gfxSetDoubleBuffering
00101dbc 000000d8 T gfxInit
00101e94 00000010 T gfxInitDefault
00101ea4 000000b8 T gfxExit
00101f5c 000000a0 T gfxGetFramebuffer
00101ffc 00000100 T gfxFlushBuffers
001020fc 00000050 T gfxSwapBuffers
0010214c 00000050 T gfxSwapBuffersGpu
0010219c 00000180 t aptConvertScreenForCapture
0010231c 00000008 W aptDspSleep
00102324 00000004 W aptDspWakeup
00102328 00000004 W aptDspCancel
0010232c 00000138 T aptSendCommand
00102468 00000044 t aptExitProcess
001024ac 00000394 T aptExit
00102840 000000d8 T aptHandleSleep
00102918 00000084 T APT_SleepIfShellClosed
0010299c 00000078 T aptSetSleepAllowed
00102a14 00000084 T APT_UnlockTransition
00102a98 00000470 t aptEventHandler
00102f08 000000bc T APT_ReceiveParameter
00102fc4 000000b0 t aptReceiveParameter.constprop.0
00103078 00000294 t aptScreenTransfer
0010330c 000002d0 t aptWaitForWakeUp.isra.0
001035dc 000000f4 T aptJumpToHomeMenu
001036d0 00000058 T aptMainLoop
00103728 00000240 T aptInit
00103968 00000090 T APT_CheckNew3DS
001039f8 00000c70 t gspHardwareInit
00104668 00000280 T gspInit
001048e8 00000110 T gspExit
001049f8 00000010 T gspHasGpuRight
00104a08 000000a4 T gspPresentBuffer
00104aac 00000050 T gspWaitForEvent
00104afc 00000004 W gxCmdQueueInterrupt
00104b00 00000154 t gspEventThreadMain
00104c54 00000050 T GSPGPU_FlushDataCache
00104ca4 00000034 T GSPGPU_SetLcdForceBlack
00104cd8 00000080 T GSPGPU_AcquireRight
00104d58 0000005c T GSPGPU_ReleaseRight
00104db4 0000007c T GSPGPU_ImportDisplayCaptureInfo
00104e30 0000002c T GSPGPU_SaveVramSysArea
00104e5c 0000002c T GSPGPU_RestoreVramSysArea
00104e88 00000024 W hidShouldUseIrrst
00104eac 000001cc T hidInit
00105078 000000e8 T hidExit
00105160 000002a0 T hidScanInput
00105400 00000010 T hidKeysDown
00105410 000001a4 T irrstInit
001055b4 000000dc T irrstExit
00105690 000000b4 T irrstScanInput
00105744 00000024 T irrstKeysHeld
00105768 00000038 W __libctru_init
001057a0 0000016c W __system_initArgv
0010590c 00000030 T __syscall_getreent
0010593c 00000004 T __syscall_lock_acquire
00105940 00000004 T __syscall_lock_release
00105944 00000004 T __syscall_lock_acquire_recursive
00105948 00000004 T __syscall_lock_release_recursive
0010594c 00000004 T __syscall_exit
00105950 00000054 T initThreadVars
001059a4 00000080 T __system_initSyscalls
00105a24 T svcControlMemory
00105a44 T svcQueryMemory
00105a74 T svcExitProcess
00105a7c T svcCreateThread
00105a9c T svcExitThread
00105aa4 T svcSleepThread
00105aac T svcReleaseMutex
00105ab4 T svcCreateEvent
00105ac8 T svcSignalEvent
00105ad0 T svcClearEvent
00105ad8 T svcMapMemoryBlock
00105ae0 T svcUnmapMemoryBlock
00105ae8 T svcCreateAddressArbiter
00105afc T svcArbitrateAddressNoTimeout
00105b04 T svcCloseHandle
00105b0c T svcWaitSynchronization
00105b14 T svcWaitSynchronizationN
00105b3c T svcDuplicateHandle
00105b50 T svcConnectToPort
00105b64 T svcSendSyncRequest
00105b6c T svcGetResourceLimit
00105b80 T svcGetResourceLimitLimitValues
00105b88 T svcGetResourceLimitCurrentValues
00105b90 T svcBreak
00105b98 W initSystem
00105be8 W __ctru_exit
00105bfc 00000024 t addrMapNodeComparator(rbtree_node const*, rbtree_node const*)
00105c20 00000004 t addrMapNodeDestructor(rbtree_node*)
00105c24 0000012c T linearMemAlign
00105d50 00000008 T linearAlloc
00105d58 0000005c T linearFree
00105db4 00000088 T MemPool::CoalesceRight(MemBlock*)
00105e3c 00000178 T MemPool::Allocate(MemChunk&, unsigned long, int)
00105fb4 00000118 T MemPool::Deallocate(MemChunk const&)
001060cc 00000030 T MemPool::GetFreeSpace()
001060fc 00000024 t addrMapNodeComparator(rbtree_node const*, rbtree_node const*)
00106120 00000004 t addrMapNodeDestructor(rbtree_node*)
00106124 00000248 T vramMemAlignAt
0010636c 0000000c T vramAlloc
00106378 00000094 T vramFree
0010640c 0000008c W envGetHandle
00106498 00000050 W envDestroyHandles
001064e8 00000034 T __ctru_speedup_config
0010651c 00000164 T srvInit
00106680 00000064 T srvExit
001066e4 00000060 T srvEnableNotification
00106744 000000a0 T srvGetServiceHandleDirect
001067e4 00000048 T srvGetServiceHandle
0010682c 00000034 T srvSubscribe
00106860 00000060 T srvReceiveNotification
001068c0 00000038 T srvPublishToSubscriber
001068f8 0000000c T __sync_init
00106904 00000018 T __sync_fini
0010691c 00000028 T syncArbitrateAddress
00106944 000000ac T LightLock_Lock
001069f0 00000040 T LightLock_Unlock
00106a30 00000054 T RecursiveLock_Lock
00106a84 00000054 T RecursiveLock_Unlock
00106ad8 00000044 T LightEvent_Init
00106b1c 000000b8 T LightEvent_Clear
00106bd4 000000dc T LightEvent_Signal
00106cb0 00000050 T LightEvent_TryWait
00106d00 000000ac T LightEvent_Wait
00106dac 000001fc T threadCreate
00106fa8 00000038 T threadFree
00106fe0 00000024 T threadJoin
00107004 00000030 T threadGetCurrent
00107034 00000040 T threadExit
00107074 00000020 t _thread_begin
00107094 00000090 t mappableFindAddressWithin
00107124 00000028 T mappableInit
0010714c 0000007c T mappableAlloc
001071c8 00000004 T mappableFree
001071cc 00000078 T ptmSysmInit
00107244 0000003c T ptmSysmExit
00107280 00000034 T PTMSYSM_ConfigureNew3DSCPU
001072b4 0000000c T srvPmGetSessionHandle
001072c0 00000074 T rbtree_find
00107334 00000010 T rbtree_init
00107344 00000198 t do_insert
001074dc 00000008 T rbtree_insert
001074e4 00000310 T rbtree_remove
001077f4 00000090 T rbtree_rotate
00107888 000001e8 W __system_allocateHeaps
00107a70 00000030 W __appExit
00107aa0 00000030 W __appInit
00107ad0 00000090 W __libctru_exit
00107b60 00000014 t archive_link
00107b74 00000014 t archive_dirreset
00107b88 00000014 t archive_chmod
00107b9c 00000024 t error_cmp
00107bc0 00000050 t archive_translate_error
00107c10 000000c0 t archive_seek
00107cd0 00000078 t _archiveInit.part.0
00107d48 000000d4 t archiveFindDevice.part.0
00107e1c 00000298 t archive_utf16path
001080b4 00000098 t _archiveUnmountDeviceStruct.part.0
0010814c 00000014 t archive_statvfs
00108160 00000014 t archive_fchmod
00108174 00000178 t _archiveMountDevice
001082ec 000000f8 t archive_diropen
001083e4 000000ac t archive_fstat
00108490 00000074 t archive_fsync
00108504 00000074 t archive_close
00108578 00000078 t archive_dirclose
001085f0 000000ec t sdmc_statvfs
001086dc 000000f8 t archive_chdir
001087d4 0000008c t archive_ftruncate
00108860 000000bc t archive_read
0010891c 000000a8 t archive_unlink
001089c4 000000c0 t archive_rmdir
00108a84 000000d8 t archive_mkdir
00108b5c 000001a0 t archive_stat
00108cfc 00000164 t archive_dirnext
00108e60 0000013c t archive_write
00108fa0 00000254 t archive_open
001091f4 00000270 t archive_rename
00109464 000001c8 T archiveMountSdmc
0010962c 00000054 T archiveUnmountAll
00109680 00000104 T fsInit
00109784 0000003c T fsExit
001097c0 00000068 T fsExemptFromSession
00109828 00000050 T fsUnexemptFromSession
00109878 000000cc T FSUSER_OpenFile
00109944 000000b8 T FSUSER_DeleteFile
001099fc 000000f4 T FSUSER_RenameFile
00109af0 000000b8 T FSUSER_DeleteDirectory
00109ba8 000000d0 T FSUSER_CreateFile
00109c78 000000c0 T FSUSER_CreateDirectory
00109d38 000000f4 T FSUSER_RenameDirectory
00109e2c 000000b4 T FSUSER_OpenDirectory
00109ee0 00000090 T FSUSER_OpenArchive
00109f70 0000008c T FSUSER_CloseArchive
00109ffc 00000074 T FSUSER_GetSdmcArchiveResource
0010a070 00000064 T FSUSER_IsSdmcWritable
0010a0d4 00000064 T FSFILE_Read
0010a138 0000006c T FSFILE_Write
0010a1a4 00000044 T FSFILE_GetSize
0010a1e8 00000028 T FSFILE_SetSize
0010a210 0000003c T FSFILE_Close
0010a24c 00000024 T FSFILE_Flush
0010a270 00000060 T FSDIR_Read
0010a2d0 0000003c T FSDIR_Close
0010a30c 00000060 T rbtree_node_next
0010a36c 00000140 T decode_utf8
0010a4ac 000000e8 T utf16_to_utf8
0010a594 000000c0 T utf8_to_utf16
0010a654 T __aeabi_read_tp
0010a660 00000054 T decode_utf16
0010a6b4 00000054 T encode_utf16
0010a708 000000e0 T encode_utf8
0010a7e8 00000130 T __udivmoddi4
0010a918 000000d8 T strncmp
0010a9f0 0000008c T strlen
0010aa7c 0000001c t stdio_exit_handler
0010aa98 0000005c t cleanup_stdio
0010aaf4 00000154 t global_stdio_init.part.0
0010ac48 0000005c T __sinit
0010aca4 0000000c T __sfp_lock_acquire
0010acb0 0000000c T __sfp_lock_release
0010acbc 000001ec t _strtoul_l.isra.0
0010aea8 0000003c T strtoul
0010aee4 00000084 T __libc_init_array
0010af68 0000009c T strncat
0010b004 00000070 T _fwalk_sglue
0010b074 00000078 T bsearch
0010b0ec 0000000c T __errno
0010b0f8 00000028 T memalign
0010b120 0000082c T _malloc_r
0010b94c 00000114 T _malloc_trim_r
0010ba60 00000314 T _free_r
0010bd74 00000034 T printf
0010bda8 0000003c T strnlen
0010bde4 00000040 T malloc
0010be24 00000020 T free
0010be44 0000022c T __sflush_r
0010c070 000000c4 T _fflush_r
0010c134 000000e4 T memset
0010c218 0000000c T __malloc_lock
0010c224 0000000c T __malloc_unlock
0010c230 00000004 W __call_exitprocs
0010c234 00000030 T exit
0010c264 00000294 T setvbuf
0010c4f8 000000d4 T strncpy
0010c5cc 0000012c T memcpy
0010c6f8 00000044 T __sread
0010c73c 00000068 T __swrite
0010c7a4 00000040 T __sseek
0010c7e4 00000008 T __sclose
0010c7ec 00000144 T _fclose_r
0010c930 0000016c T _memalign_r
0010ca9c 000005e0 t get_arg
0010d080 00003554 T _vfprintf_r
001105d4 000000b4 t __sbprintf
00110688 000000e8 T memchr
00110770 000001c0 t quorem
00110930 000013f0 T _dtoa_r
00111d20 000000a0 T _wcrtomb_r
00111dc0 0000003c T __libc_fini_array
00111dfc 00000164 T __smakebuf_r
00111f60 00000090 T __swhatbuf_r
00111ff0 00000028 T _wcsrtombs_r
00112018 00000140 T __swsetup_r
00112158 00000088 T frexp
001121e0 0000005c T __assert_func
0011223c 00000088 T _Balloc
001122c4 0000001c T _Bfree
001122e0 000000f4 T __multadd
001123d4 00000080 T __hi0bits
00112454 000000f0 T __lo0bits
00112544 000000a4 T __i2b
001125e8 00000230 T __multiply
00112818 00000130 T __pow5mult
00112948 00000138 T __lshift
00112a80 00000058 T __mcmp
00112ad8 00000218 T __mdiff
00112cf0 00000120 T __d2b
00112e10 00000024 T __locale_mb_cur_max
00112e34 0000003c T fiprintf
00112e70 0000015c T _wcsnrtombs_l
00112fcc 00000064 T _wcsnrtombs_r
00113030 00000340 T __utf8_mbtowc
00113370 00000030 T __sprint_r
001133a0 00000014 T abort
001133b4 00000024 T _localeconv_r
001133d8 000000d8 T _calloc_r
001134b0 000000f8 T __utf8_wctomb
001135a8 000004a4 T __sfvwrite_r
00113a4c 00000140 T strchr
00113b8c 0000016c T memmove
00113cf8 0000009c T _raise_r
00113d94 00000020 T raise
00113db4 000005e0 t get_arg
00114394 000022f8 T _vfiprintf_r
0011668c 000000b4 t __sbprintf
00116740 000004f0 T _realloc_r
00116c30 00000020 T _exit
00116c50 00000140 T chdir
00116d90 000001c8 T _concatenate_path
00116f58 0000009c T _fstat_r
00116ff4 00000014 T _getpid_r
00117008 0000002c T __getreent
00117034 00000058 T __get_handle
0011708c 00000110 T _close_r
0011719c 00000008 t null_write
001171a4 00000018 T setDefaultDevice
001171bc 000000c4 T FindDevice
00117280 00000028 T RemoveDevice
001172a8 00000098 T AddDevice
00117340 00000020 T GetDeviceOpTab
00117360 00000008 T _isatty_r
00117368 00000014 T _kill_r
0011737c 00000094 T _lseek_r
00117410 00000094 T _read_r
001174a4 00000078 W _sbrk_r
0011751c 0000001c T __libc_lock_acquire
00117538 0000001c T __libc_lock_release
00117554 0000001c T __libc_lock_acquire_recursive
00117570 0000001c T __libc_lock_release_recursive
0011758c 00000094 T _write_r
00117620 00000048 T strrchr
00117668 T _fini
001180f0 r .LC2
00118384 00000080 r dotab_stdout
00118404 00000018 r grayScale
0011841c 00000006 r colorCube
00118424 00000030 r colorTable
00118470 00000008 r morton_y.2
00118478 00000008 r morton_x.3
00118480 00000008 r s_sleepWakeEvents.4
00118488 0000000c r serviceNameTable.5
00118494 R default_font_bin
00118c94 R default_font_bin_end
00118c94 00000030 r error_table
00118cc4 00000080 r archive_devoptab
00118d44 00000101 R _ctype_
00118f6c 00000010 r zeroes.0
00118f7c 00000010 r blanks.1
00118f94 0000006c R __action_table
00119000 0000006c R __state_table
0011906c 00000100 R __chclass
0011916c 0000000c r p05.0
00119178 00000028 R __mprec_bigtens
001191a0 000000c8 R __mprec_tens
00119354 00000010 r zeroes.0
00119364 00000010 r blanks.1
00119374 00000080 R dotab_stdnull
001193f4 R __tdata_align
001193f8 r __EH_FRAME_BEGIN__
001193f8 R __exidx_end
001193f8 R __exidx_start
0011a000 00000001 d firstConsoleInit.0
0011a004 00000004 D currentConsole
0011a008 00000048 D defaultConsole
0011a050 00000004 d aptChainloadDeliverArgSize
0011a054 00000004 d kCount
0011a058 00000004 d kInterval
0011a05c 00000004 d kDelay
0011a060 W __stacksize__
0011a064 0000000c D __sglue
0011a070 00000004 D __malloc_sbrk_base
0011a074 00000004 D __malloc_trim_threshold
0011a078 00000408 D __malloc_av_
0011a480 00000004 D _impure_ptr
0011a488 00000140 D _impure_data
0011a5c8 0000016c D __global_locale
0011a734 00000400 d _current_working_directory
0011ab38 00001000 d handles
0011bb38 0000000c d __stderr_handle
0011bb44 0000000c d __stdout_handle
0011bb50 0000000c d __stdin_handle
0011bb5c 0000008c D devoptab_list
0011bbe8 00000004 d defaultDevice
0011bbf4 d _GLOBAL_OFFSET_TABLE_
0011bc00 d __frame_dummy_init_array_entry
0011bc00 D __init_array_start
0011bc00 B __preinit_array_end
0011bc00 B __preinit_array_start
0011bc00 D __tdata_lma
0011bc00 D __tdata_lma_end
0011bc04 d __do_global_dtors_aux_fini_array_entry
0011bc04 D __fini_array_start
0011bc04 D __init_array_end
0011bc08 D __bss_start__
0011bc08 D __fini_array_end
0011bc08 b completed.1
0011bc0c b object.0
0011bc24 00000064 b escapeSeq
0011bc88 00000048 B currentCopy
0011bcd0 00000004 b screenAlloc
0011bcd4 00000004 b screenFree
0011bcd8 00000002 b gfxIsDoubleBuf
0011bcdc 00000002 b gfxCurBuf
0011bcde 00000001 b gfxIsVram
0011bcdf 00000001 b gfxTopMode
0011bce0 00000002 b gfxFramebufferFormats
0011bce4 00000004 b gfxBottomFramebufferMaxSize
0011bce8 00000004 b gfxTopFramebufferMaxSize
0011bcf0 00000008 b gfxBottomFramebuffers
0011bcf8 00000008 b gfxTopFramebuffers
0011bd00 00000001 b flagValue.0
0011bd01 00000001 b flagInit.1
0011bd04 00000004 b serviceName.6
0011bd08 00000001 b aptChainloadFlags
0011bd09 00000001 b aptChainloadMediatype
0011bd0c 00000020 b aptChainloadHmac
0011bd2c 00000300 b aptChainloadDeliverArg
0011c030 00000008 b aptChainloadTid
0011c038 00001000 b aptParameters
0011d038 00000004 b aptFlags
0011d03c 00000001 b aptHomeButtonState
0011d040 00000004 b aptMessageFuncData
0011d044 00000004 b aptMessageFunc
0011d048 0000000c b aptFirstHook
0011d054 00000001 b aptEventHandlerThreadQuit
0011d058 00000004 b aptEventHandlerThread
0011d05c 00000008 b aptSleepEvent
0011d064 00000008 b aptReceiveEvent
0011d06c 00000008 b aptEvents
0011d074 00000004 b aptLockHandle
0011d078 00000004 b aptRefCount
0011d07c 00000007 b gspEventCbOneShot
0011d084 0000001c b gspEventCbData
0011d0a0 0000001c b gspEventCb
0011d0bc 00000038 b gspEvents
0011d0f4 00000004 b gspLastEvent
0011d0f8 00000001 b gspRunEvents
0011d0fc 00000004 b gspEventThread
0011d100 00000004 b gspEvent
0011d104 00000001 b gspGpuRight
0011d105 00000001 b gspThreadId
0011d108 00000004 b gspSharedMem
0011d10c 00000004 b gspSharedMemHandle
0011d110 00000004 b gspRefCount
0011d114 00000004 b gspGpuHandle
0011d118 00000001 b usingIrrst
0011d11c 00000004 b hidRefCount
0011d120 00000006 b gRate
0011d128 00000006 b aVec
0011d130 00000004 b cPos
0011d134 00000004 b tPos
0011d138 00000004 b kRepeat
0011d13c 00000004 b kUp
0011d140 00000004 b kDown
0011d144 00000004 b kHeld
0011d148 00000004 b kOld
0011d14c 00000004 B hidSharedMem
0011d150 00000014 B hidEvents
0011d164 00000004 B hidMemHandle
0011d168 00000004 B hidHandle
0011d16c 00000004 b irrstRefCount
0011d170 00000004 b csPos
0011d174 00000004 b kHeld
0011d178 00000004 B irrstSharedMem
0011d17c 00000004 B irrstEvent
0011d180 00000004 B irrstMemHandle
0011d184 00000004 B irrstHandle
0011d188 00000004 B __system_retAddr
0011d18c 00000004 B __system_argv
0011d190 00000004 B __system_argc
0011d194 b saved_stack
0011d1a0 00000008 b sLinearPool
0011d1a8 0000000c b sAddrMap
0011d1b8 00000008 b sVramPoolB
0011d1c0 00000008 b sVramPoolA
0011d1c8 0000000c b sAddrMap
0011d1d4 00000004 B __3dslink_host
0011d1d8 00000001 V __ctru_speedup
0011d1dc 00000004 b srvRefCount
0011d1e0 00000004 b srvHandle
0011d1e4 00000004 b arbiter
0011d1e8 00000004 b currentAddr
0011d1ec 00000004 b maxAddr
0011d1f0 00000004 b minAddr
0011d1f4 00000004 b ptmSysmRefCount
0011d1f8 00000004 b ptmSysmHandle
0011d1fc 00000004 b srvPmHandle
0011d200 00000004 V __ctru_linear_heap_size
0011d204 00000004 V __ctru_heap_size
0011d208 00000004 B __ctru_linear_heap
0011d20c 00000004 B __ctru_heap
0011d210 000005c0 b archive_devices
0011d7d0 00000004 b archive_device_cwd
0011d7d4 00000001 b archive_initialized
0011d7d8 00000080 b fsExemptArchives
0011d858 00000004 b fsuRefCount
0011d85c 00000004 b fsuHandle
0011d860 0000000c b __sfp_recursive_mutex
0011d870 00000168 B __sf
0011d9d8 00000004 B __stdio_exit_handler
0011d9dc 00000028 B __malloc_current_mallinfo
0011da04 00000004 B __malloc_max_total_mem
0011da08 00000004 B __malloc_max_sbrked_mem
0011da0c 00000004 B __malloc_top_pad
0011da10 0000000c b __malloc_recursive_mutex
0011da1c 00000400 b temp_cwd
0011de1c 00000004 b __hndl_lock
0011de20 00000004 B fake_heap_start
0011de24 00000004 B fake_heap_end
0011de28 00000004 b heap_start.0
0011de2c B __tls_start
0011ea34 B __bss_end__
0011ea34 A __end__
0011ea34 B __tls_end
